{"D:\\Netology\\2021\\task-JS4\\Lesson_6\\L6_t1\\index.js": {"path":"D:\\Netology\\2021\\task-JS4\\Lesson_6\\L6_t1\\index.js","statementMap":{"0":{"start":{"line":2,"column":20},"end":{"line":2,"column":22}},"1":{"start":{"line":3,"column":2},"end":{"line":10,"column":3}},"2":{"start":{"line":4,"column":4},"end":{"line":9,"column":5}},"3":{"start":{"line":5,"column":6},"end":{"line":8,"column":7}},"4":{"start":{"line":6,"column":8},"end":{"line":6,"column":56}},"5":{"start":{"line":7,"column":8},"end":{"line":7,"column":25}},"6":{"start":{"line":11,"column":23},"end":{"line":11,"column":49}},"7":{"start":{"line":12,"column":2},"end":{"line":12,"column":77}},"8":{"start":{"line":12,"column":31},"end":{"line":12,"column":75}},"9":{"start":{"line":13,"column":2},"end":{"line":13,"column":19}}},"fnMap":{"0":{"name":"orderByProps","decl":{"start":{"line":1,"column":24},"end":{"line":1,"column":36}},"loc":{"start":{"line":1,"column":56},"end":{"line":14,"column":1}},"line":1},"1":{"name":"(anonymous_1)","decl":{"start":{"line":12,"column":23},"end":{"line":12,"column":24}},"loc":{"start":{"line":12,"column":31},"end":{"line":12,"column":75}},"line":12}},"branchMap":{"0":{"loc":{"start":{"line":4,"column":4},"end":{"line":9,"column":5}},"type":"if","locations":[{"start":{"line":4,"column":4},"end":{"line":9,"column":5}},{"start":{},"end":{}}],"line":4},"1":{"loc":{"start":{"line":5,"column":6},"end":{"line":8,"column":7}},"type":"if","locations":[{"start":{"line":5,"column":6},"end":{"line":8,"column":7}},{"start":{},"end":{}}],"line":5},"2":{"loc":{"start":{"line":5,"column":10},"end":{"line":5,"column":44}},"type":"binary-expr","locations":[{"start":{"line":5,"column":11},"end":{"line":5,"column":24}},{"start":{"line":5,"column":30},"end":{"line":5,"column":43}}],"line":5}},"s":{"0":1,"1":1,"2":5,"3":5,"4":2,"5":2,"6":1,"7":1,"8":3,"9":1},"f":{"0":1,"1":3},"b":{"0":[5,0],"1":[2,3],"2":[5,4]},"_coverageSchema":"1a1c01bbd47fc00a2c39e90264f33305004495a9","hash":"b7382bd11f142588557c8839e2859645a318ad26"}
}
